<?xml version="1.0" encoding="UTF-8"?>
<!-- Generated by org.testng.reporters.JUnitXMLReporter -->
<testsuite ignored="0" hostname="FH400" failures="0" tests="1" name="firefoxTest" time="0.07" errors="0" timestamp="12 Aug 2019 09:03:08 GMT">
  <testcase classname="com.bridgelabz.MultiBrowser" name="@BeforeClass beforeTest" time="0.018">
    <failure type="java.lang.IllegalStateException" message="The driver executable does not exist: /home/userq/Automation/Frames/./drivers/geckodriver">
      <![CDATA[java.lang.IllegalStateException: The driver executable does not exist: /home/userq/Automation/Frames/./drivers/geckodriver
at com.google.common.base.Preconditions.checkState(Preconditions.java:534)
at org.openqa.selenium.remote.service.DriverService.checkExecutable(DriverService.java:136)
at org.openqa.selenium.remote.service.DriverService.findExecutable(DriverService.java:131)
at org.openqa.selenium.firefox.GeckoDriverService.access$100(GeckoDriverService.java:41)
at org.openqa.selenium.firefox.GeckoDriverService$Builder.findDefaultExecutable(GeckoDriverService.java:141)
at org.openqa.selenium.remote.service.DriverService$Builder.build(DriverService.java:339)
at org.openqa.selenium.firefox.FirefoxDriver.toExecutor(FirefoxDriver.java:158)
at org.openqa.selenium.firefox.FirefoxDriver.<init>(FirefoxDriver.java:120)
at org.openqa.selenium.firefox.FirefoxDriver.<init>(FirefoxDriver.java:98)
at com.bridgelabz.MultiBrowser.beforeTest(MultiBrowser.java:38)
... Removed 26 stack frames]]>
    </failure>
  </testcase> <!-- @BeforeClass beforeTest -->
  <testcase classname="com.bridgelabz.MultiBrowser" name="@AfterClass afterTest" time="0.0">
    <skipped/>
  </testcase> <!-- @AfterClass afterTest -->
  <testcase classname="com.bridgelabz.MultiBrowser" name="login" time="0.0">
    <skipped/>
  </testcase> <!-- login -->
</testsuite> <!-- firefoxTest -->
